9000 is on running
[0mGET / [36m304 [0m98.629 ms - -[0m
[0mGET /plugins/rs-plugin-5/css/navigation.css [36m304 [0m4.255 ms - -[0m
[0mGET /bootstrap/css/bootstrap.css [36m304 [0m0.941 ms - -[0m
[0mGET /fonts/font-awesome/css/font-awesome.css [36m304 [0m2.393 ms - -[0m
[0mGET /plugins/magnific-popup/magnific-popup.css [36m304 [0m2.471 ms - -[0m
[0mGET /plugins/rs-plugin-5/css/settings.css [36m304 [0m2.342 ms - -[0m
[0mGET /plugins/rs-plugin-5/css/layers.css [36m304 [0m2.287 ms - -[0m
[0mGET /css/animations.css [36m304 [0m0.612 ms - -[0m
[0mGET /css/style.css [36m304 [0m1.543 ms - -[0m
[0mGET /plugins/slick/slick.css [36m304 [0m1.493 ms - -[0m
[0mGET /plugins/style/style-switcher.css [36m304 [0m1.514 ms - -[0m
[0mGET /css/typography-default.css [36m304 [0m0.591 ms - -[0m
[0mGET /css/skins/light_blue.css [36m304 [0m1.051 ms - -[0m
[0mGET /css/custom.css [36m304 [0m0.803 ms - -[0m
[0mGET /plugins/slim/slim.min.css [36m304 [0m1.438 ms - -[0m
[0mGET /images/logo-sonmat.png [36m304 [0m2.028 ms - -[0m
[0mGET /images/main_image_1.jpg [36m304 [0m1.191 ms - -[0m
[0mGET /plugins/jquery.min.js [36m304 [0m0.707 ms - -[0m
[0mGET /bootstrap/js/bootstrap.bundle.min.js [36m304 [0m1.074 ms - -[0m
[0mGET /plugins/rs-plugin-5/js/jquery.themepunch.tools.min.js [36m304 [0m0.571 ms - -[0m
[0mGET /plugins/rs-plugin-5/js/jquery.themepunch.revolution.min.js [36m304 [0m1.242 ms - -[0m
[0mGET /plugins/isotope/imagesloaded.pkgd.min.js [36m304 [0m1.232 ms - -[0m
[0mGET /plugins/isotope/isotope.pkgd.min.js [36m304 [0m1.281 ms - -[0m
[0mGET /plugins/magnific-popup/jquery.magnific-popup.min.js [36m304 [0m0.627 ms - -[0m
[0mGET /plugins/waypoints/jquery.waypoints.min.js [36m304 [0m1.167 ms - -[0m
[0mGET /plugins/style/style-switcher.js [36m304 [0m1.688 ms - -[0m
[0mGET /plugins/waypoints/sticky.min.js [36m304 [0m1.242 ms - -[0m
[0mGET /plugins/validate/bootstrap-validator.min.js [36m304 [0m1.749 ms - -[0m
[0mGET /plugins/countTo/jquery.countTo.js [36m304 [0m0.872 ms - -[0m
[0mGET /plugins/slick/slick.min.js [36m304 [0m0.952 ms - -[0m
[0mGET /plugins/pace/pace.min.js [36m304 [0m0.788 ms - -[0m
[0mGET /js/template.js [36m304 [0m0.554 ms - -[0m
[0mGET /js/custom.js [36m304 [0m1.336 ms - -[0m
[0mGET /js/sonmat/utils/AjaxUtils.js [36m304 [0m1.330 ms - -[0m
[0mGET /js/sonmat/utils/FormAjaxUtils.js [36m304 [0m1.331 ms - -[0m
[0mGET /plugins/slim/slim.kickstart.min.js [36m304 [0m1.818 ms - -[0m
[0mGET /images/main_image_2.jpg [36m304 [0m1.696 ms - -[0m
[0mGET /images/main_image_3.jpg [36m304 [0m1.501 ms - -[0m
[0mGET /images/main_image_4.jpg [36m304 [0m1.415 ms - -[0m
[0mGET /css/animate.css [36m304 [0m0.801 ms - -[0m
[0mGET /fonts/font-awesome/fonts/fontawesome-webfont.woff2?v=4.7.0 [36m304 [0m0.930 ms - -[0m
[0mGET /plugins/rs-plugin-5/js/extensions/revolution.extension.slideanims.min.js?version=5.4.8 [36m304 [0m2.292 ms - -[0m
[0mGET /plugins/rs-plugin-5/js/extensions/revolution.extension.layeranimation.min.js?version=5.4.8 [36m304 [0m1.700 ms - -[0m
[0mGET /plugins/rs-plugin-5/js/extensions/revolution.extension.navigation.min.js?version=5.4.8 [36m304 [0m1.446 ms - -[0m
[0mGET /plugins/rs-plugin-5/assets/loader.gif [36m304 [0m0.596 ms - -[0m
[0mGET /plugins/rs-plugin-5/fonts/revicons/revicons.woff?5510888 [36m304 [0m0.639 ms - -[0m
[0mGET /message/form [36m302 [0m5.472 ms - -[0m
[0mGET /account/sign-in?referer=/message/form [32m200 [0m11.597 ms - 22617[0m
[0mGET /bootstrap/css/bootstrap.css [36m304 [0m1.309 ms - -[0m
[0mGET /fonts/font-awesome/css/font-awesome.css [36m304 [0m1.262 ms - -[0m
[0mGET /plugins/magnific-popup/magnific-popup.css [36m304 [0m1.200 ms - -[0m
[0mGET /plugins/rs-plugin-5/css/settings.css [36m304 [0m1.775 ms - -[0m
[0mGET /plugins/rs-plugin-5/css/layers.css [36m304 [0m1.070 ms - -[0m
[0mGET /plugins/rs-plugin-5/css/navigation.css [36m304 [0m2.339 ms - -[0m
[0mGET /css/animations.css [36m304 [0m1.926 ms - -[0m
[0mGET /plugins/slick/slick.css [36m304 [0m1.725 ms - -[0m
[0mGET /plugins/style/style-switcher.css [36m304 [0m1.165 ms - -[0m
[0mGET /css/style.css [36m304 [0m1.117 ms - -[0m
[0mGET /css/typography-default.css [36m304 [0m0.946 ms - -[0m
[0mGET /css/skins/light_blue.css [36m304 [0m1.062 ms - -[0m
[0mGET /css/custom.css [36m304 [0m0.688 ms - -[0m
[0mGET /plugins/slim/slim.min.css [36m304 [0m0.472 ms - -[0m
[0mGET /plugins/jquery.min.js [36m304 [0m0.955 ms - -[0m
[0mGET /images/logo-sonmat.png [36m304 [0m0.855 ms - -[0m
[0mGET /bootstrap/js/bootstrap.bundle.min.js [36m304 [0m0.788 ms - -[0m
[0mGET /plugins/rs-plugin-5/js/jquery.themepunch.tools.min.js [36m304 [0m1.617 ms - -[0m
[0mGET /plugins/rs-plugin-5/js/jquery.themepunch.revolution.min.js [36m304 [0m1.553 ms - -[0m
[0mGET /plugins/isotope/imagesloaded.pkgd.min.js [36m304 [0m4.402 ms - -[0m
[0mGET /plugins/isotope/isotope.pkgd.min.js [36m304 [0m2.641 ms - -[0m
[0mGET /plugins/magnific-popup/jquery.magnific-popup.min.js [36m304 [0m2.199 ms - -[0m
[0mGET /plugins/waypoints/jquery.waypoints.min.js [36m304 [0m3.050 ms - -[0m
[0mGET /plugins/waypoints/sticky.min.js [36m304 [0m1.291 ms - -[0m
[0mGET /plugins/style/style-switcher.js [36m304 [0m1.295 ms - -[0m
[0mGET /plugins/validate/bootstrap-validator.min.js [36m304 [0m1.136 ms - -[0m
[0mGET /plugins/countTo/jquery.countTo.js [36m304 [0m1.080 ms - -[0m
[0mGET /plugins/slick/slick.min.js [36m304 [0m1.026 ms - -[0m
[0mGET /plugins/pace/pace.min.js [36m304 [0m0.948 ms - -[0m
[0mGET /js/template.js [36m304 [0m0.942 ms - -[0m
[0mGET /js/custom.js [36m304 [0m1.396 ms - -[0m
[0mGET /js/sonmat/utils/AjaxUtils.js [36m304 [0m1.677 ms - -[0m
[0mGET /js/sonmat/utils/FormAjaxUtils.js [36m304 [0m1.308 ms - -[0m
[0mGET /plugins/slim/slim.kickstart.min.js [36m304 [0m1.668 ms - -[0m
[0mGET /css/animate.css [36m304 [0m0.690 ms - -[0m
[0mGET /fonts/font-awesome/fonts/fontawesome-webfont.woff2?v=4.7.0 [36m304 [0m0.814 ms - -[0m
[0mGET /images/fullscreen-bg.jpg [36m304 [0m0.725 ms - -[0m
[0mGET /account/images/favicon.ico [33m404 [0m2.309 ms - 165[0m
Executing (default): SELECT `id`, `name`, `phone`, `email`, `password` FROM `user` AS `user` WHERE `user`.`email` = 'user2@example.com' LIMIT 1;
[0mPOST /api/account/login [32m200 [0m120.914 ms - -[0m
Executing (default): SELECT `sonmat_request`.`id`, `sonmat_request`.`from_user_id`, `sonmat_request`.`to_user_id`, `sonmat_request`.`send_date`, `sonmat_request`.`read_state`, `From`.`id` AS `From.id`, `From`.`name` AS `From.name`, `To`.`id` AS `To.id`, `To`.`name` AS `To.name` FROM `sonmat_request` AS `sonmat_request` INNER JOIN `user` AS `From` ON `sonmat_request`.`from_user_id` = `From`.`id` INNER JOIN `user` AS `To` ON `sonmat_request`.`to_user_id` = `To`.`id` WHERE (`sonmat_request`.`from_user_id` = 2 OR `sonmat_request`.`to_user_id` = 2) ORDER BY `sonmat_request`.`send_date` DESC;
Executing (default): SELECT `font`.`id`, `font`.`name`, `font`.`description`, `font_file_maps`.`id` AS `font_file_maps.id`, `font_file_maps`.`file_path` AS `font_file_maps.file_path` FROM `font` AS `font` LEFT OUTER JOIN `font_file_map` AS `font_file_maps` ON `font`.`id` = `font_file_maps`.`font_id` WHERE (((`font`.`user_id` = 2 AND `font`.`making_status` = 'complete')) OR ((`font`.`making_status` = 'complete' AND `font`.`open_state` = 'public'))) ORDER BY `font`.`created_at` DESC;
{"id":257,"name":"2018/12/11 15:17:00","description":"","file_path":["http://file.son-mat.com/file/823/d90a56ce-233b-4132-b01d-5d6932ab5d9a.ttf","http://file.son-mat.com/file/1446/7ed12e46-f432-42b7-bd53-c8f9ed0130e0.ttf","http://file.son-mat.com/file/3757/42fbbc01-5e80-437d-90b4-e425104b750b.ttf"],"file_name":["d90a56ce-233b-4132-b01d-5d6932ab5d9a","7ed12e46-f432-42b7-bd53-c8f9ed0130e0","42fbbc01-5e80-437d-90b4-e425104b750b"]}
{"257":{"id":257,"name":"2018/12/11 15:17:00","description":"","file_path":["http://file.son-mat.com/file/823/d90a56ce-233b-4132-b01d-5d6932ab5d9a.ttf","http://file.son-mat.com/file/1446/7ed12e46-f432-42b7-bd53-c8f9ed0130e0.ttf","http://file.son-mat.com/file/3757/42fbbc01-5e80-437d-90b4-e425104b750b.ttf"],"file_name":["d90a56ce-233b-4132-b01d-5d6932ab5d9a","7ed12e46-f432-42b7-bd53-c8f9ed0130e0","42fbbc01-5e80-437d-90b4-e425104b750b"]}}
{"id":253,"name":"김철홍체","description":"김철홍","file_path":["http://file.son-mat.com/file/6680/d7690335-5be5-4759-abfe-d3ee811716a6.ttf","http://file.son-mat.com/file/6031/5512ff74-7608-4288-8f30-719d068e64d2.ttf","http://file.son-mat.com/file/3337/818a54a5-9c58-4209-a96b-9dc1e7606153.ttf"],"file_name":["d7690335-5be5-4759-abfe-d3ee811716a6","5512ff74-7608-4288-8f30-719d068e64d2","818a54a5-9c58-4209-a96b-9dc1e7606153"]}
{"253":{"id":253,"name":"김철홍체","description":"김철홍","file_path":["http://file.son-mat.com/file/6680/d7690335-5be5-4759-abfe-d3ee811716a6.ttf","http://file.son-mat.com/file/6031/5512ff74-7608-4288-8f30-719d068e64d2.ttf","http://file.son-mat.com/file/3337/818a54a5-9c58-4209-a96b-9dc1e7606153.ttf"],"file_name":["d7690335-5be5-4759-abfe-d3ee811716a6","5512ff74-7608-4288-8f30-719d068e64d2","818a54a5-9c58-4209-a96b-9dc1e7606153"]},"257":{"id":257,"name":"2018/12/11 15:17:00","description":"","file_path":["http://file.son-mat.com/file/823/d90a56ce-233b-4132-b01d-5d6932ab5d9a.ttf","http://file.son-mat.com/file/1446/7ed12e46-f432-42b7-bd53-c8f9ed0130e0.ttf","http://file.son-mat.com/file/3757/42fbbc01-5e80-437d-90b4-e425104b750b.ttf"],"file_name":["d90a56ce-233b-4132-b01d-5d6932ab5d9a","7ed12e46-f432-42b7-bd53-c8f9ed0130e0","42fbbc01-5e80-437d-90b4-e425104b750b"]}}
{"id":252,"name":"김선혜체","description":"김선혜","file_path":["http://file.son-mat.com/file/2289/48c9136e-19af-4016-97f8-2fd0c768bf7b.ttf","http://file.son-mat.com/file/3185/f97f7188-80c0-437b-927f-aef6aa093449.ttf","http://file.son-mat.com/file/9492/f5a03c68-1f95-443b-9136-ae7c0d94a8e6.ttf"],"file_name":["48c9136e-19af-4016-97f8-2fd0c768bf7b","f97f7188-80c0-437b-927f-aef6aa093449","f5a03c68-1f95-443b-9136-ae7c0d94a8e6"]}
{"252":{"id":252,"name":"김선혜체","description":"김선혜","file_path":["http://file.son-mat.com/file/2289/48c9136e-19af-4016-97f8-2fd0c768bf7b.ttf","http://file.son-mat.com/file/3185/f97f7188-80c0-437b-927f-aef6aa093449.ttf","http://file.son-mat.com/file/9492/f5a03c68-1f95-443b-9136-ae7c0d94a8e6.ttf"],"file_name":["48c9136e-19af-4016-97f8-2fd0c768bf7b","f97f7188-80c0-437b-927f-aef6aa093449","f5a03c68-1f95-443b-9136-ae7c0d94a8e6"]},"253":{"id":253,"name":"김철홍체","description":"김철홍","file_path":["http://file.son-mat.com/file/6680/d7690335-5be5-4759-abfe-d3ee811716a6.ttf","http://file.son-mat.com/file/6031/5512ff74-7608-4288-8f30-719d068e64d2.ttf","http://file.son-mat.com/file/3337/818a54a5-9c58-4209-a96b-9dc1e7606153.ttf"],"file_name":["d7690335-5be5-4759-abfe-d3ee811716a6","5512ff74-7608-4288-8f30-719d068e64d2","818a54a5-9c58-4209-a96b-9dc1e7606153"]},"257":{"id":257,"name":"2018/12/11 15:17:00","description":"","file_path":["http://file.son-mat.com/file/823/d90a56ce-233b-4132-b01d-5d6932ab5d9a.ttf","http://file.son-mat.com/file/1446/7ed12e46-f432-42b7-bd53-c8f9ed0130e0.ttf","http://file.son-mat.com/file/3757/42fbbc01-5e80-437d-90b4-e425104b750b.ttf"],"file_name":["d90a56ce-233b-4132-b01d-5d6932ab5d9a","7ed12e46-f432-42b7-bd53-c8f9ed0130e0","42fbbc01-5e80-437d-90b4-e425104b750b"]}}
{"id":251,"name":"정형호체","description":"정형호","file_path":["http://file.son-mat.com/file/7049/6ecd9cec-25cd-4a71-99ed-39a249828769.ttf","http://file.son-mat.com/file/6535/5350327d-91a1-4452-94e7-b2f48b748bf9.ttf","http://file.son-mat.com/file/8010/ef2b78fa-6566-4088-ad96-982c65746806.ttf"],"file_name":["6ecd9cec-25cd-4a71-99ed-39a249828769","5350327d-91a1-4452-94e7-b2f48b748bf9","ef2b78fa-6566-4088-ad96-982c65746806"]}
{"251":{"id":251,"name":"정형호체","description":"정형호","file_path":["http://file.son-mat.com/file/7049/6ecd9cec-25cd-4a71-99ed-39a249828769.ttf","http://file.son-mat.com/file/6535/5350327d-91a1-4452-94e7-b2f48b748bf9.ttf","http://file.son-mat.com/file/8010/ef2b78fa-6566-4088-ad96-982c65746806.ttf"],"file_name":["6ecd9cec-25cd-4a71-99ed-39a249828769","5350327d-91a1-4452-94e7-b2f48b748bf9","ef2b78fa-6566-4088-ad96-982c65746806"]},"252":{"id":252,"name":"김선혜체","description":"김선혜","file_path":["http://file.son-mat.com/file/2289/48c9136e-19af-4016-97f8-2fd0c768bf7b.ttf","http://file.son-mat.com/file/3185/f97f7188-80c0-437b-927f-aef6aa093449.ttf","http://file.son-mat.com/file/9492/f5a03c68-1f95-443b-9136-ae7c0d94a8e6.ttf"],"file_name":["48c9136e-19af-4016-97f8-2fd0c768bf7b","f97f7188-80c0-437b-927f-aef6aa093449","f5a03c68-1f95-443b-9136-ae7c0d94a8e6"]},"253":{"id":253,"name":"김철홍체","description":"김철홍","file_path":["http://file.son-mat.com/file/6680/d7690335-5be5-4759-abfe-d3ee811716a6.ttf","http://file.son-mat.com/file/6031/5512ff74-7608-4288-8f30-719d068e64d2.ttf","http://file.son-mat.com/file/3337/818a54a5-9c58-4209-a96b-9dc1e7606153.ttf"],"file_name":["d7690335-5be5-4759-abfe-d3ee811716a6","5512ff74-7608-4288-8f30-719d068e64d2","818a54a5-9c58-4209-a96b-9dc1e7606153"]},"257":{"id":257,"name":"2018/12/11 15:17:00","description":"","file_path":["http://file.son-mat.com/file/823/d90a56ce-233b-4132-b01d-5d6932ab5d9a.ttf","http://file.son-mat.com/file/1446/7ed12e46-f432-42b7-bd53-c8f9ed0130e0.ttf","http://file.son-mat.com/file/3757/42fbbc01-5e80-437d-90b4-e425104b750b.ttf"],"file_name":["d90a56ce-233b-4132-b01d-5d6932ab5d9a","7ed12e46-f432-42b7-bd53-c8f9ed0130e0","42fbbc01-5e80-437d-90b4-e425104b750b"]}}
{"id":250,"name":"홍민기체","description":"홍민기","file_path":["http://file.son-mat.com/file/375/f8f24364-1076-42b3-a644-c6600c1f4846.ttf","http://file.son-mat.com/file/3211/574f8b57-7c3b-4c9c-b563-1093ac17e395.ttf","http://file.son-mat.com/file/6685/b4dcc3df-c9ea-4188-a3e2-d24a9eff0c8e.ttf"],"file_name":["f8f24364-1076-42b3-a644-c6600c1f4846","574f8b57-7c3b-4c9c-b563-1093ac17e395","b4dcc3df-c9ea-4188-a3e2-d24a9eff0c8e"]}
{"250":{"id":250,"name":"홍민기체","description":"홍민기","file_path":["http://file.son-mat.com/file/375/f8f24364-1076-42b3-a644-c6600c1f4846.ttf","http://file.son-mat.com/file/3211/574f8b57-7c3b-4c9c-b563-1093ac17e395.ttf","http://file.son-mat.com/file/6685/b4dcc3df-c9ea-4188-a3e2-d24a9eff0c8e.ttf"],"file_name":["f8f24364-1076-42b3-a644-c6600c1f4846","574f8b57-7c3b-4c9c-b563-1093ac17e395","b4dcc3df-c9ea-4188-a3e2-d24a9eff0c8e"]},"251":{"id":251,"name":"정형호체","description":"정형호","file_path":["http://file.son-mat.com/file/7049/6ecd9cec-25cd-4a71-99ed-39a249828769.ttf","http://file.son-mat.com/file/6535/5350327d-91a1-4452-94e7-b2f48b748bf9.ttf","http://file.son-mat.com/file/8010/ef2b78fa-6566-4088-ad96-982c65746806.ttf"],"file_name":["6ecd9cec-25cd-4a71-99ed-39a249828769","5350327d-91a1-4452-94e7-b2f48b748bf9","ef2b78fa-6566-4088-ad96-982c65746806"]},"252":{"id":252,"name":"김선혜체","description":"김선혜","file_path":["http://file.son-mat.com/file/2289/48c9136e-19af-4016-97f8-2fd0c768bf7b.ttf","http://file.son-mat.com/file/3185/f97f7188-80c0-437b-927f-aef6aa093449.ttf","http://file.son-mat.com/file/9492/f5a03c68-1f95-443b-9136-ae7c0d94a8e6.ttf"],"file_name":["48c9136e-19af-4016-97f8-2fd0c768bf7b","f97f7188-80c0-437b-927f-aef6aa093449","f5a03c68-1f95-443b-9136-ae7c0d94a8e6"]},"253":{"id":253,"name":"김철홍체","description":"김철홍","file_path":["http://file.son-mat.com/file/6680/d7690335-5be5-4759-abfe-d3ee811716a6.ttf","http://file.son-mat.com/file/6031/5512ff74-7608-4288-8f30-719d068e64d2.ttf","http://file.son-mat.com/file/3337/818a54a5-9c58-4209-a96b-9dc1e7606153.ttf"],"file_name":["d7690335-5be5-4759-abfe-d3ee811716a6","5512ff74-7608-4288-8f30-719d068e64d2","818a54a5-9c58-4209-a96b-9dc1e7606153"]},"257":{"id":257,"name":"2018/12/11 15:17:00","description":"","file_path":["http://file.son-mat.com/file/823/d90a56ce-233b-4132-b01d-5d6932ab5d9a.ttf","http://file.son-mat.com/file/1446/7ed12e46-f432-42b7-bd53-c8f9ed0130e0.ttf","http://file.son-mat.com/file/3757/42fbbc01-5e80-437d-90b4-e425104b750b.ttf"],"file_name":["d90a56ce-233b-4132-b01d-5d6932ab5d9a","7ed12e46-f432-42b7-bd53-c8f9ed0130e0","42fbbc01-5e80-437d-90b4-e425104b750b"]}}
[0mGET /message/form [32m200 [0m64.479 ms - 35677[0m
[0mGET /bootstrap/css/bootstrap.css [36m304 [0m1.167 ms - -[0m
[0mGET /fonts/font-awesome/css/font-awesome.css [36m304 [0m1.253 ms - -[0m
[0mGET /plugins/magnific-popup/magnific-popup.css [36m304 [0m1.312 ms - -[0m
[0mGET /plugins/rs-plugin-5/css/settings.css [36m304 [0m1.342 ms - -[0m
[0mGET /plugins/rs-plugin-5/css/layers.css [36m304 [0m1.922 ms - -[0m
[0mGET /plugins/rs-plugin-5/css/navigation.css [36m304 [0m1.368 ms - -[0m
[0mGET /css/animations.css [36m304 [0m1.211 ms - -[0m
[0mGET /plugins/slick/slick.css [36m304 [0m3.276 ms - -[0m
[0mGET /plugins/style/style-switcher.css [36m304 [0m1.871 ms - -[0m
[0mGET /css/style.css [36m304 [0m1.526 ms - -[0m
[0mGET /css/typography-default.css [36m304 [0m0.720 ms - -[0m
[0mGET /css/skins/light_blue.css [36m304 [0m0.645 ms - -[0m
[0mGET /css/custom.css [36m304 [0m0.375 ms - -[0m
[0mGET /plugins/slim/slim.min.css [36m304 [0m0.339 ms - -[0m
[0mGET /images/logo-sonmat.png [36m304 [0m0.668 ms - -[0m
[0mGET /images/kakaolink_btn_very_small_ov.png [32m200 [0m13.103 ms - 735[0m
[0mGET /plugins/jquery.min.js [36m304 [0m2.345 ms - -[0m
[0mGET /bootstrap/js/bootstrap.bundle.min.js [36m304 [0m2.296 ms - -[0m
[0mGET /plugins/rs-plugin-5/js/jquery.themepunch.tools.min.js [36m304 [0m0.943 ms - -[0m
[0mGET /plugins/rs-plugin-5/js/jquery.themepunch.revolution.min.js [36m304 [0m0.907 ms - -[0m
[0mGET /plugins/isotope/imagesloaded.pkgd.min.js [36m304 [0m0.954 ms - -[0m
[0mGET /plugins/isotope/isotope.pkgd.min.js [36m304 [0m0.692 ms - -[0m
[0mGET /plugins/magnific-popup/jquery.magnific-popup.min.js [36m304 [0m0.836 ms - -[0m
[0mGET /plugins/waypoints/jquery.waypoints.min.js [36m304 [0m1.085 ms - -[0m
[0mGET /plugins/waypoints/sticky.min.js [36m304 [0m0.522 ms - -[0m
[0mGET /plugins/style/style-switcher.js [36m304 [0m0.648 ms - -[0m
[0mGET /plugins/validate/bootstrap-validator.min.js [36m304 [0m0.752 ms - -[0m
[0mGET /plugins/countTo/jquery.countTo.js [36m304 [0m0.592 ms - -[0m
[0mGET /css/animate.css [36m304 [0m0.830 ms - -[0m
[0mGET /plugins/slick/slick.min.js [36m304 [0m0.354 ms - -[0m
[0mGET /plugins/pace/pace.min.js [36m304 [0m0.383 ms - -[0m
[0mGET /js/template.js [36m304 [0m0.285 ms - -[0m
[0mGET /js/custom.js [36m304 [0m0.269 ms - -[0m
[0mGET /js/sonmat/utils/AjaxUtils.js [36m304 [0m0.311 ms - -[0m
[0mGET /js/sonmat/utils/FormAjaxUtils.js [36m304 [0m0.709 ms - -[0m
[0mGET /plugins/slim/slim.kickstart.min.js [36m304 [0m0.710 ms - -[0m
[0mGET /images/kakaolink_btn_small_ov.png [36m304 [0m0.903 ms - -[0m
[0mGET /js/social/kakao/kakao.js [32m200 [0m2.156 ms - 942[0m
[0mGET /fonts/font-awesome/fonts/fontawesome-webfont.woff2?v=4.7.0 [36m304 [0m0.334 ms - -[0m
[0mGET /images/message-form-background.jpg [32m200 [0m8.012 ms - 220555[0m
Executing (default): SELECT `sonmat_request`.`id`, `sonmat_request`.`from_user_id`, `sonmat_request`.`to_user_id`, `sonmat_request`.`send_date`, `sonmat_request`.`read_state`, `From`.`id` AS `From.id`, `From`.`name` AS `From.name`, `To`.`id` AS `To.id`, `To`.`name` AS `To.name` FROM `sonmat_request` AS `sonmat_request` INNER JOIN `user` AS `From` ON `sonmat_request`.`from_user_id` = `From`.`id` INNER JOIN `user` AS `To` ON `sonmat_request`.`to_user_id` = `To`.`id` WHERE (`sonmat_request`.`from_user_id` = 2 OR `sonmat_request`.`to_user_id` = 2) ORDER BY `sonmat_request`.`send_date` DESC;
Executing (default): SELECT `id`, `user_id`, `name`, `description`, `making_status`, `open_state`, `created_at` AS `making_date`, `read_state`, `handwrite_image_path` FROM `font` AS `font` WHERE `font`.`user_id` = 2 AND `font`.`read_state` = 'unread' AND `font`.`making_status` = 'complete' ORDER BY `font`.`created_at` DESC;
[0mGET /api/font/new [32m200 [0m27.675 ms - 579[0m
Executing (default): SELECT `sonmat_request`.`id`, `sonmat_request`.`from_user_id`, `sonmat_request`.`to_user_id`, `sonmat_request`.`send_date`, `sonmat_request`.`read_state`, `From`.`id` AS `From.id`, `From`.`name` AS `From.name`, `To`.`id` AS `To.id`, `To`.`name` AS `To.name` FROM `sonmat_request` AS `sonmat_request` INNER JOIN `user` AS `From` ON `sonmat_request`.`from_user_id` = `From`.`id` INNER JOIN `user` AS `To` ON `sonmat_request`.`to_user_id` = `To`.`id` WHERE (`sonmat_request`.`from_user_id` = 2 OR `sonmat_request`.`to_user_id` = 2) ORDER BY `sonmat_request`.`send_date` DESC;
[0mGET /message/images/favicon.ico [33m404 [0m14.148 ms - 165[0m
Executing (default): SELECT `sonmat_request`.`id`, `sonmat_request`.`from_user_id`, `sonmat_request`.`to_user_id`, `sonmat_request`.`send_date`, `sonmat_request`.`read_state`, `From`.`id` AS `From.id`, `From`.`name` AS `From.name`, `To`.`id` AS `To.id`, `To`.`name` AS `To.name` FROM `sonmat_request` AS `sonmat_request` INNER JOIN `user` AS `From` ON `sonmat_request`.`from_user_id` = `From`.`id` INNER JOIN `user` AS `To` ON `sonmat_request`.`to_user_id` = `To`.`id` WHERE (`sonmat_request`.`from_user_id` = 2 OR `sonmat_request`.`to_user_id` = 2) ORDER BY `sonmat_request`.`send_date` DESC;
Executing (default): SELECT `id`, `name`, `phone`, `email`, `password` FROM `user` AS `user` WHERE `user`.`email` = '' LIMIT 1;
[0mPOST /api/message/check_email [32m200 [0m40.898 ms - 2[0m
Executing (default): SELECT `sonmat_request`.`id`, `sonmat_request`.`from_user_id`, `sonmat_request`.`to_user_id`, `sonmat_request`.`send_date`, `sonmat_request`.`read_state`, `From`.`id` AS `From.id`, `From`.`name` AS `From.name`, `To`.`id` AS `To.id`, `To`.`name` AS `To.name` FROM `sonmat_request` AS `sonmat_request` INNER JOIN `user` AS `From` ON `sonmat_request`.`from_user_id` = `From`.`id` INNER JOIN `user` AS `To` ON `sonmat_request`.`to_user_id` = `To`.`id` WHERE (`sonmat_request`.`from_user_id` = 2 OR `sonmat_request`.`to_user_id` = 2) ORDER BY `sonmat_request`.`send_date` DESC;
Executing (default): SELECT `id`, `user_id`, `name`, `description`, `making_status`, `open_state`, `created_at` AS `making_date`, `read_state`, `handwrite_image_path` FROM `font` AS `font` WHERE `font`.`user_id` = 2 AND `font`.`read_state` = 'unread' AND `font`.`making_status` = 'complete' ORDER BY `font`.`created_at` DESC;
[0mGET /api/font/new [36m304 [0m29.022 ms - -[0m
Executing (default): SELECT `sonmat_request`.`id`, `sonmat_request`.`from_user_id`, `sonmat_request`.`to_user_id`, `sonmat_request`.`send_date`, `sonmat_request`.`read_state`, `From`.`id` AS `From.id`, `From`.`name` AS `From.name`, `To`.`id` AS `To.id`, `To`.`name` AS `To.name` FROM `sonmat_request` AS `sonmat_request` INNER JOIN `user` AS `From` ON `sonmat_request`.`from_user_id` = `From`.`id` INNER JOIN `user` AS `To` ON `sonmat_request`.`to_user_id` = `To`.`id` WHERE (`sonmat_request`.`from_user_id` = 2 OR `sonmat_request`.`to_user_id` = 2) ORDER BY `sonmat_request`.`send_date` DESC;
Executing (default): SELECT `id`, `user_id`, `name`, `description`, `making_status`, `open_state`, `created_at` AS `making_date`, `read_state`, `handwrite_image_path` FROM `font` AS `font` WHERE `font`.`user_id` = 2 AND `font`.`read_state` = 'unread' AND `font`.`making_status` = 'complete' ORDER BY `font`.`created_at` DESC;
[0mGET /api/font/new [36m304 [0m77.750 ms - -[0m
Executing (default): SELECT `sonmat_request`.`id`, `sonmat_request`.`from_user_id`, `sonmat_request`.`to_user_id`, `sonmat_request`.`send_date`, `sonmat_request`.`read_state`, `From`.`id` AS `From.id`, `From`.`name` AS `From.name`, `To`.`id` AS `To.id`, `To`.`name` AS `To.name` FROM `sonmat_request` AS `sonmat_request` INNER JOIN `user` AS `From` ON `sonmat_request`.`from_user_id` = `From`.`id` INNER JOIN `user` AS `To` ON `sonmat_request`.`to_user_id` = `To`.`id` WHERE (`sonmat_request`.`from_user_id` = 2 OR `sonmat_request`.`to_user_id` = 2) ORDER BY `sonmat_request`.`send_date` DESC;
Executing (default): SELECT `id`, `user_id`, `name`, `description`, `making_status`, `open_state`, `created_at` AS `making_date`, `read_state`, `handwrite_image_path` FROM `font` AS `font` WHERE `font`.`user_id` = 2 AND `font`.`read_state` = 'unread' AND `font`.`making_status` = 'complete' ORDER BY `font`.`created_at` DESC;
[0mGET /api/font/new [36m304 [0m29.411 ms - -[0m
